This is pdfTeX, Version 3.14159265-2.6-1.40.20 (MiKTeX 2.9.7250 64-bit) (preloaded format=pdflatex 2020.1.3)  18 JAN 2020 23:19
entering extended mode
**./Raport.tex
(Raport.tex
LaTeX2e <2019-10-01> patch level 3
("C:\Users\patry\AppData\Local\Programs\MiKTeX 2.9\tex/latex/base\article.cls"
Document Class: article 2019/10/25 v1.4k Standard LaTeX document class
("C:\Users\patry\AppData\Local\Programs\MiKTeX 2.9\tex/latex/base\size12.clo"
File: size12.clo 2019/10/25 v1.4k Standard LaTeX file (size option)
)
\c@part=\count80
\c@section=\count81
\c@subsection=\count82
\c@subsubsection=\count83
\c@paragraph=\count84
\c@subparagraph=\count85
\c@figure=\count86
\c@table=\count87
\abovecaptionskip=\skip41
\belowcaptionskip=\skip42
\bibindent=\dimen102
)
("C:\Users\patry\AppData\Local\Programs\MiKTeX 2.9\tex/latex/caption\subcaption
.sty"
Package: subcaption 2019/09/01 v1.3a Sub-captions (AR)

("C:\Users\patry\AppData\Local\Programs\MiKTeX 2.9\tex/latex/caption\caption.st
y"
Package: caption 2020/01/01 v3.4c Customizing captions (AR)

("C:\Users\patry\AppData\Local\Programs\MiKTeX 2.9\tex/latex/caption\caption3.s
ty"
Package: caption3 2019/12/31 v1.8f caption3 kernel (AR)
Package caption3 Info: TeX engine: e-TeX on input line 61.

("C:\Users\patry\AppData\Local\Programs\MiKTeX 2.9\tex/latex/graphics\keyval.st
y"
Package: keyval 2014/10/28 v1.15 key=value parser (DPC)
\KV@toks@=\toks14
)
\captionmargin=\dimen103
\captionmargin@=\dimen104
\captionwidth=\dimen105
\caption@tempdima=\dimen106
\caption@indent=\dimen107
\caption@parindent=\dimen108
\caption@hangindent=\dimen109
Package caption Info: Standard document class detected.
)
\c@caption@flags=\count88
\c@continuedfloat=\count89
)
\c@subfigure=\count90
\c@subtable=\count91
)
("C:\Users\patry\AppData\Local\Programs\MiKTeX 2.9\tex/latex/float\float.sty"
Package: float 2001/11/08 v1.3d Float enhancements (AL)
\c@float@type=\count92
\float@exts=\toks15
\float@box=\box27
\@float@everytoks=\toks16
\@floatcapt=\box28
)
("C:\Users\patry\AppData\Local\Programs\MiKTeX 2.9\tex/latex/graphics\graphicx.
sty"
Package: graphicx 2017/06/01 v1.1a Enhanced LaTeX Graphics (DPC,SPQR)

("C:\Users\patry\AppData\Local\Programs\MiKTeX 2.9\tex/latex/graphics\graphics.
sty"
Package: graphics 2019/11/01 v1.3d Standard LaTeX Graphics (DPC,SPQR)

("C:\Users\patry\AppData\Local\Programs\MiKTeX 2.9\tex/latex/graphics\trig.sty"
Package: trig 2016/01/03 v1.10 sin cos tan (DPC)
)
("C:\Users\patry\AppData\Local\Programs\MiKTeX 2.9\tex/latex/graphics-cfg\graph
ics.cfg"
File: graphics.cfg 2016/06/04 v1.11 sample graphics configuration
)
Package graphics Info: Driver file: pdftex.def on input line 105.

("C:\Users\patry\AppData\Local\Programs\MiKTeX 2.9\tex/latex/graphics-def\pdfte
x.def"
File: pdftex.def 2018/01/08 v1.0l Graphics/color driver for pdftex
))
\Gin@req@height=\dimen110
\Gin@req@width=\dimen111
)
("C:\Users\patry\AppData\Local\Programs\MiKTeX 2.9\tex/latex/listings\listings.
sty"
\lst@mode=\count93
\lst@gtempboxa=\box29
\lst@token=\toks17
\lst@length=\count94
\lst@currlwidth=\dimen112
\lst@column=\count95
\lst@pos=\count96
\lst@lostspace=\dimen113
\lst@width=\dimen114
\lst@newlines=\count97
\lst@lineno=\count98
\lst@maxwidth=\dimen115

("C:\Users\patry\AppData\Local\Programs\MiKTeX 2.9\tex/latex/listings\lstmisc.s
ty"
File: lstmisc.sty 2019/09/10 1.8c (Carsten Heinz)
\c@lstnumber=\count99
\lst@skipnumbers=\count100
\lst@framebox=\box30
)
("C:\Users\patry\AppData\Local\Programs\MiKTeX 2.9\tex/latex/listings\listings.
cfg"
File: listings.cfg 2019/09/10 1.8c listings configuration
))
Package: listings 2019/09/10 1.8c (Carsten Heinz)

("C:\Users\patry\AppData\Local\Programs\MiKTeX 2.9\tex/latex/hyperref\hyperref.
sty"
Package: hyperref 2019/11/10 v7.00c Hypertext links for LaTeX

("C:\Users\patry\AppData\Local\Programs\MiKTeX 2.9\tex/generic/oberdiek\ltxcmds
.sty"
Package: ltxcmds 2016/05/16 v1.23 LaTeX kernel commands for general use (HO)
)
("C:\Users\patry\AppData\Local\Programs\MiKTeX 2.9\tex/generic/iftex\iftex.sty"
Package: iftex 2019/11/07 v1.0c TeX engine tests
)
("C:\Users\patry\AppData\Local\Programs\MiKTeX 2.9\tex/latex/pdftexcmds\pdftexc
mds.sty"
Package: pdftexcmds 2019/11/24 v0.31 Utility functions of pdfTeX for LuaTeX (HO
)

("C:\Users\patry\AppData\Local\Programs\MiKTeX 2.9\tex/generic/oberdiek\infware
rr.sty"
Package: infwarerr 2016/05/16 v1.4 Providing info/warning/error messages (HO)
)
Package pdftexcmds Info: \pdf@primitive is available.
Package pdftexcmds Info: \pdf@ifprimitive is available.
Package pdftexcmds Info: \pdfdraftmode found.
)
("C:\Users\patry\AppData\Local\Programs\MiKTeX 2.9\tex/generic/oberdiek\kvsetke
ys.sty"
Package: kvsetkeys 2016/05/16 v1.17 Key value parser (HO)

("C:\Users\patry\AppData\Local\Programs\MiKTeX 2.9\tex/generic/oberdiek\etexcmd
s.sty"
Package: etexcmds 2016/05/16 v1.6 Avoid name clashes with e-TeX commands (HO)

("C:\Users\patry\AppData\Local\Programs\MiKTeX 2.9\tex/generic/iftex\ifluatex.s
ty"
Package: ifluatex 2019/10/25 v1.5 ifluatex legacy package. Use iftex instead.
)))
("C:\Users\patry\AppData\Local\Programs\MiKTeX 2.9\tex/generic/oberdiek\kvdefin
ekeys.sty"
Package: kvdefinekeys 2016/05/16 v1.4 Define keys (HO)
)
("C:\Users\patry\AppData\Local\Programs\MiKTeX 2.9\tex/generic/oberdiek\pdfesca
pe.sty"
Package: pdfescape 2016/05/16 v1.14 Implements pdfTeX's escape features (HO)
)
("C:\Users\patry\AppData\Local\Programs\MiKTeX 2.9\tex/latex/oberdiek\hycolor.s
ty"
Package: hycolor 2016/05/16 v1.8 Color options for hyperref/bookmark (HO)

("C:\Users\patry\AppData\Local\Programs\MiKTeX 2.9\tex/latex/oberdiek\xcolor-pa
tch.sty"
Package: xcolor-patch 2016/05/16 xcolor patch

("C:\Users\patry\AppData\Local\Programs\MiKTeX 2.9\tex/latex/oberdiek\hopatch.s
ty"
Package: hopatch 2016/05/16 v1.3 Wrapper for package hooks (HO)
)))
("C:\Users\patry\AppData\Local\Programs\MiKTeX 2.9\tex/latex/oberdiek\letltxmac
ro.sty"
Package: letltxmacro 2016/05/16 v1.5 Let assignment for LaTeX macros (HO)
)
("C:\Users\patry\AppData\Local\Programs\MiKTeX 2.9\tex/latex/oberdiek\auxhook.s
ty"
Package: auxhook 2016/05/16 v1.4 Hooks for auxiliary files (HO)
)
("C:\Users\patry\AppData\Local\Programs\MiKTeX 2.9\tex/latex/oberdiek\kvoptions
.sty"
Package: kvoptions 2016/05/16 v3.12 Key value format for package options (HO)
)
\@linkdim=\dimen116
\Hy@linkcounter=\count101
\Hy@pagecounter=\count102

("C:\Users\patry\AppData\Local\Programs\MiKTeX 2.9\tex/latex/hyperref\pd1enc.de
f"
File: pd1enc.def 2019/11/10 v7.00c Hyperref: PDFDocEncoding definition (HO)
Now handling font encoding PD1 ...
... no UTF-8 mapping file for font encoding PD1
)
("C:\Users\patry\AppData\Local\Programs\MiKTeX 2.9\tex/generic/oberdiek\intcalc
.sty"
Package: intcalc 2016/05/16 v1.2 Expandable calculations with integers (HO)
)
\Hy@SavedSpaceFactor=\count103

("C:\Users\patry\AppData\Local\Programs\MiKTeX 2.9\tex/latex/00miktex\hyperref.
cfg"
File: hyperref.cfg 2002/06/06 v1.2 hyperref configuration of TeXLive
)
Package hyperref Info: Hyper figures OFF on input line 4535.
Package hyperref Info: Link nesting OFF on input line 4540.
Package hyperref Info: Hyper index ON on input line 4543.
Package hyperref Info: Plain pages OFF on input line 4550.
Package hyperref Info: Backreferencing OFF on input line 4555.
Package hyperref Info: Implicit mode ON; LaTeX internals redefined.
Package hyperref Info: Bookmarks ON on input line 4788.
\c@Hy@tempcnt=\count104
 ("C:\Users\patry\AppData\Local\Programs\MiKTeX 2.9\tex/latex/url\url.sty"
\Urlmuskip=\muskip10
Package: url 2013/09/16  ver 3.4  Verb mode for urls, etc.
)
LaTeX Info: Redefining \url on input line 5147.
\XeTeXLinkMargin=\dimen117

("C:\Users\patry\AppData\Local\Programs\MiKTeX 2.9\tex/generic/oberdiek\bitset.
sty"
Package: bitset 2016/05/16 v1.2 Handle bit-vector datatype (HO)

("C:\Users\patry\AppData\Local\Programs\MiKTeX 2.9\tex/generic/oberdiek\bigintc
alc.sty"
Package: bigintcalc 2016/05/16 v1.4 Expandable calculations on big integers (HO
)
))
\Fld@menulength=\count105
\Field@Width=\dimen118
\Fld@charsize=\dimen119
Package hyperref Info: Hyper figures OFF on input line 6418.
Package hyperref Info: Link nesting OFF on input line 6423.
Package hyperref Info: Hyper index ON on input line 6426.
Package hyperref Info: backreferencing OFF on input line 6433.
Package hyperref Info: Link coloring OFF on input line 6438.
Package hyperref Info: Link coloring with OCG OFF on input line 6443.
Package hyperref Info: PDF/A mode OFF on input line 6448.
LaTeX Info: Redefining \ref on input line 6488.
LaTeX Info: Redefining \pageref on input line 6492.

("C:\Users\patry\AppData\Local\Programs\MiKTeX 2.9\tex/generic/oberdiek\atbegsh
i.sty"
Package: atbegshi 2016/06/09 v1.18 At begin shipout hook (HO)

("C:\Users\patry\AppData\Local\Programs\MiKTeX 2.9\tex/generic/iftex\ifpdf.sty"
Package: ifpdf 2019/10/25 v3.4 ifpdf legacy package. Use iftex instead.
))
\Hy@abspage=\count106
\c@Item=\count107
\c@Hfootnote=\count108
)
Package hyperref Info: Driver (autodetected): hpdftex.

("C:\Users\patry\AppData\Local\Programs\MiKTeX 2.9\tex/latex/hyperref\hpdftex.d
ef"
File: hpdftex.def 2019/11/10 v7.00c Hyperref driver for pdfTeX

("C:\Users\patry\AppData\Local\Programs\MiKTeX 2.9\tex/latex/oberdiek\atveryend
.sty"
Package: atveryend 2016/05/16 v1.9 Hooks at the very end of document (HO)
Package atveryend Info: \enddocument detected (standard20110627).
)
\Fld@listcount=\count109
\c@bookmark@seq@number=\count110

("C:\Users\patry\AppData\Local\Programs\MiKTeX 2.9\tex/latex/oberdiek\rerunfile
check.sty"
Package: rerunfilecheck 2016/05/16 v1.8 Rerun checks for auxiliary files (HO)

("C:\Users\patry\AppData\Local\Programs\MiKTeX 2.9\tex/generic/oberdiek\uniquec
ounter.sty"
Package: uniquecounter 2016/05/16 v1.3 Provide unlimited unique counter (HO)
)
Package uniquecounter Info: New unique counter `rerunfilecheck' on input line 2
85.
)
\Hy@SectionHShift=\skip43
)
("C:\Users\patry\AppData\Local\Programs\MiKTeX 2.9\tex/generic/genmisc\nth.sty"
Package: nth 2002/02/27
) ("C:\Users\patry\AppData\Local\Programs\MiKTeX 2.9\tex/latex/xcolor\xcolor.st
y"
Package: xcolor 2016/05/11 v2.12 LaTeX color extensions (UK)

("C:\Users\patry\AppData\Local\Programs\MiKTeX 2.9\tex/latex/graphics-cfg\color
.cfg"
File: color.cfg 2016/01/02 v1.6 sample color configuration
)
Package xcolor Info: Driver file: pdftex.def on input line 225.
Package xcolor Info: Model `cmy' substituted by `cmy0' on input line 1348.
Package xcolor Info: Model `hsb' substituted by `rgb' on input line 1352.
Package xcolor Info: Model `RGB' extended on input line 1364.
Package xcolor Info: Model `HTML' substituted by `rgb' on input line 1366.
Package xcolor Info: Model `Hsb' substituted by `hsb' on input line 1367.
Package xcolor Info: Model `tHsb' substituted by `hsb' on input line 1368.
Package xcolor Info: Model `HSB' substituted by `hsb' on input line 1369.
Package xcolor Info: Model `Gray' substituted by `gray' on input line 1370.
Package xcolor Info: Model `wave' substituted by `hsb' on input line 1371.
) (Raport.aux)
\openout1 = `Raport.aux'.

LaTeX Font Info:    Checking defaults for OML/cmm/m/it on input line 59.
LaTeX Font Info:    ... okay on input line 59.
LaTeX Font Info:    Checking defaults for T1/cmr/m/n on input line 59.
LaTeX Font Info:    ... okay on input line 59.
LaTeX Font Info:    Checking defaults for OT1/cmr/m/n on input line 59.
LaTeX Font Info:    ... okay on input line 59.
LaTeX Font Info:    Checking defaults for OMS/cmsy/m/n on input line 59.
LaTeX Font Info:    ... okay on input line 59.
LaTeX Font Info:    Checking defaults for OMX/cmex/m/n on input line 59.
LaTeX Font Info:    ... okay on input line 59.
LaTeX Font Info:    Checking defaults for U/cmr/m/n on input line 59.
LaTeX Font Info:    ... okay on input line 59.
LaTeX Font Info:    Checking defaults for PD1/pdf/m/n on input line 59.
LaTeX Font Info:    ... okay on input line 59.
Package caption Info: Begin \AtBeginDocument code.
Package caption Info: float package is loaded.
Package caption Info: hyperref package is loaded.
Package caption Info: listings package is loaded.
Package caption Info: End \AtBeginDocument code.

("C:\Users\patry\AppData\Local\Programs\MiKTeX 2.9\tex/context/base/mkii\supp-p
df.mkii"
[Loading MPS to PDF converter (version 2006.09.02).]
\scratchcounter=\count111
\scratchdimen=\dimen120
\scratchbox=\box31
\nofMPsegments=\count112
\nofMParguments=\count113
\everyMPshowfont=\toks18
\MPscratchCnt=\count114
\MPscratchDim=\dimen121
\MPnumerator=\count115
\makeMPintoPDFobject=\count116
\everyMPtoPDFconversion=\toks19
)
("C:\Users\patry\AppData\Local\Programs\MiKTeX 2.9\tex/latex/epstopdf-pkg\epsto
pdf-base.sty"
Package: epstopdf-base 2019/11/24 v2.7 Base part for package epstopdf

("C:\Users\patry\AppData\Local\Programs\MiKTeX 2.9\tex/latex/oberdiek\grfext.st
y"
Package: grfext 2016/05/16 v1.2 Manage graphics extensions (HO)
)
Package epstopdf-base Info: Redefining graphics rule for `.eps' on input line 4
42.
Package grfext Info: Graphics extension search list:
(grfext)             [.pdf,.png,.jpg,.mps,.jpeg,.jbig2,.jb2,.PDF,.PNG,.JPG,.JPE
G,.JBIG2,.JB2,.eps]
(grfext)             \AppendGraphicsExtensions on input line 460.
)
\c@lstlisting=\count117
\AtBeginShipoutBox=\box32
Package hyperref Info: Link coloring OFF on input line 59.

("C:\Users\patry\AppData\Local\Programs\MiKTeX 2.9\tex/latex/hyperref\nameref.s
ty"
Package: nameref 2019/09/16 v2.46 Cross-referencing by name of section

("C:\Users\patry\AppData\Local\Programs\MiKTeX 2.9\tex/latex/oberdiek\refcount.
sty"
Package: refcount 2016/05/16 v3.5 Data extraction from label references (HO)
)
("C:\Users\patry\AppData\Local\Programs\MiKTeX 2.9\tex/generic/oberdiek\gettitl
estring.sty"
Package: gettitlestring 2016/05/16 v1.5 Cleanup title references (HO)
)
\c@section@level=\count118
)
LaTeX Info: Redefining \ref on input line 59.
LaTeX Info: Redefining \pageref on input line 59.
LaTeX Info: Redefining \nameref on input line 59.
 (Raport.out) (Raport.out)
\@outlinefile=\write3
\openout3 = `Raport.out'.

LaTeX Font Info:    External font `cmex10' loaded for size
(Font)              <14.4> on input line 62.
LaTeX Font Info:    External font `cmex10' loaded for size
(Font)              <7> on input line 62.
 (Raport.toc
LaTeX Font Info:    External font `cmex10' loaded for size
(Font)              <12> on input line 3.
LaTeX Font Info:    External font `cmex10' loaded for size
(Font)              <8> on input line 3.
LaTeX Font Info:    External font `cmex10' loaded for size
(Font)              <6> on input line 3.
)
\tf@toc=\write4
\openout4 = `Raport.toc'.

 [1

{C:/Users/patry/AppData/Local/MiKTeX/2.9/pdftex/config/pdftex.map}]
<data/circinatum_sample.jpg, id=87, 370.0224pt x 370.0224pt>
File: data/circinatum_sample.jpg Graphic file (type jpg)
<use data/circinatum_sample.jpg>
Package pdftex.def Info: data/circinatum_sample.jpg  used on input line 82.
(pdftex.def)             Requested size: 130.08731pt x 130.08568pt.
<data/garryana_sample.jpg, id=88, 370.0224pt x 370.0224pt>
File: data/garryana_sample.jpg Graphic file (type jpg)
<use data/garryana_sample.jpg>
Package pdftex.def Info: data/garryana_sample.jpg  used on input line 86.
(pdftex.def)             Requested size: 130.08731pt x 130.08568pt.
<data/glabrum_sample.jpg, id=89, 370.0224pt x 370.0224pt>
File: data/glabrum_sample.jpg Graphic file (type jpg)
<use data/glabrum_sample.jpg>
Package pdftex.def Info: data/glabrum_sample.jpg  used on input line 90.
(pdftex.def)             Requested size: 130.08731pt x 130.08568pt.
<data/kelloggii_sample.jpg, id=90, 373.76pt x 373.76pt>
File: data/kelloggii_sample.jpg Graphic file (type jpg)
<use data/kelloggii_sample.jpg>
Package pdftex.def Info: data/kelloggii_sample.jpg  used on input line 94.
(pdftex.def)             Requested size: 130.08731pt x 130.08795pt.
<data/macrophyllum_sample.jpg, id=91, 740.0448pt x 740.0448pt>
File: data/macrophyllum_sample.jpg Graphic file (type jpg)
<use data/macrophyllum_sample.jpg>
Package pdftex.def Info: data/macrophyllum_sample.jpg  used on input line 98.
(pdftex.def)             Requested size: 130.08731pt x 130.08568pt.
<data/negundo_sample.jpg, id=92, 740.0448pt x 740.0448pt>
File: data/negundo_sample.jpg Graphic file (type jpg)
<use data/negundo_sample.jpg>
Package pdftex.def Info: data/negundo_sample.jpg  used on input line 102.
(pdftex.def)             Requested size: 130.08731pt x 130.08568pt.

Underfull \hbox (badness 10000) in paragraph at lines 114--115

 []

pdfTeX warning (ext4): destination with the same identifier (name{page.1}) has 
been already used, duplicate ignored
<to be read again> 
                   \relax 
l.115 \begin{itemize}
                      [1

 <./data/circinatum_sample.jpg> <./data/garryana_sample.jpg> <./data/glabrum_sa
mple.jpg> <./data/kelloggii_sample.jpg> <./data/macrophyllum_sample.jpg> <./dat
a/negundo_sample.jpg>]
LaTeX Font Info:    Trying to load font information for OMS+cmr on input line 1
16.

("C:\Users\patry\AppData\Local\Programs\MiKTeX 2.9\tex/latex/base\omscmr.fd"
File: omscmr.fd 2014/09/29 v2.5h Standard LaTeX font definitions
)
LaTeX Font Info:    Font shape `OMS/cmr/m/n' in size <12> not available
(Font)              Font shape `OMS/cmsy/m/n' tried instead on input line 116.

("C:\Users\patry\AppData\Local\Programs\MiKTeX 2.9\tex/latex/listings\lstlang1.
sty"
File: lstlang1.sty 2019/09/10 1.8c listings language file
) [2] [3]
Overfull \hbox (20.3722pt too wide) in paragraph at lines 195--196
\OT1/cmr/m/n/12 I pre-pared Ori-ented Fast and Ro-tated BRIEF de-scripor also b
ut the methon SIFT[]create()
 []

[4]
Underfull \hbox (badness 10000) in paragraph at lines 260--261

 []

[5]
Underfull \hbox (badness 10000) in paragraph at lines 317--318

 []

[6]
Overfull \hbox (22.64081pt too wide) in paragraph at lines 384--386
\OT1/cmr/m/n/12 which can save the data to files and com-putes the mean. The fu
nc-tion "save[]and[]summary"
 []


Underfull \hbox (badness 10000) in paragraph at lines 397--399

 []

<data/summary_sample.png, id=250, 317.68687pt x 97.86563pt>
File: data/summary_sample.png Graphic file (type png)
<use data/summary_sample.png>
Package pdftex.def Info: data/summary_sample.png  used on input line 413.
(pdftex.def)             Requested size: 289.07999pt x 89.06082pt.
<data/allresults_sample.png, id=252, 180.675pt x 107.65219pt>
File: data/allresults_sample.png Graphic file (type png)
<use data/allresults_sample.png>
Package pdftex.def Info: data/allresults_sample.png  used on input line 420.
(pdftex.def)             Requested size: 216.81pt x 129.18361pt.

LaTeX Warning: `!h' float specifier changed to `!ht'.

[7 <./data/summary_sample.png>] [8 <./data/allresults_sample.png>]
Overfull \hbox (22.82991pt too wide) in paragraph at lines 486--487
[][]$\OT1/cmtt/m/n/12 https : / / opencv-[]python-[]tutroals . readthedocs . io
 / en / latest / py _ tutorials /
 []


Overfull \hbox (34.67992pt too wide) in paragraph at lines 488--489
[][]$\OT1/cmtt/m/n/12 http : / / wiki . awf . forst . uni-[]goettingen . de / w
iki / index . php / Haralick _ Texture$[] 
 []


Overfull \hbox (199.23pt too wide) in paragraph at lines 489--490
[][]$\OT1/cmtt/m/n/12 https : / / software . intel . com / en-[]us / ipp-[]dev-
[]reference-[]histogram-[]of-[]oriented-[]gradients-[]hog-[]descriptor$[] 
 []


Overfull \hbox (199.23pt too wide) in paragraph at lines 491--492
[][]$\OT1/cmtt/m/n/12 https : / / software . intel . com / en-[]us / ipp-[]dev-
[]reference-[]histogram-[]of-[]oriented-[]gradients-[]hog-[]descriptor$[] 
 []


Overfull \hbox (199.23pt too wide) in paragraph at lines 492--493
[][]$\OT1/cmtt/m/n/12 https : / / software . intel . com / en-[]us / ipp-[]dev-
[]reference-[]histogram-[]of-[]oriented-[]gradients-[]hog-[]descriptor$[] 
 []

Package atveryend Info: Empty hook `BeforeClearDocument' on input line 496.
[9]
Package atveryend Info: Empty hook `AfterLastShipout' on input line 496.
 (Raport.aux)
Package atveryend Info: Executing hook `AtVeryEndDocument' on input line 496.
Package atveryend Info: Executing hook `AtEndAfterFileList' on input line 496.
Package rerunfilecheck Info: File `Raport.out' has not changed.
(rerunfilecheck)             Checksum: BA94DA7A260C97601EF7F03A8A5A268A;951.
Package atveryend Info: Empty hook `AtVeryVeryEnd' on input line 496.
 ) 
Here is how much of TeX's memory you used:
 8917 strings out of 492484
 135411 string characters out of 3121602
 537279 words of memory out of 3000000
 12919 multiletter control sequences out of 15000+200000
 9752 words of font info for 35 fonts, out of 3000000 for 9000
 1141 hyphenation exceptions out of 8191
 45i,8n,46p,513b,1866s stack positions out of 5000i,500n,10000p,200000b,50000s
<C:/Users/patry/AppData/Local/Programs/MiKTeX 2.9/fonts/type1/public/amsfonts
/cm/cmbx12.pfb><C:/Users/patry/AppData/Local/Programs/MiKTeX 2.9/fonts/type1/pu
blic/amsfonts/cm/cmr10.pfb><C:/Users/patry/AppData/Local/Programs/MiKTeX 2.9/fo
nts/type1/public/amsfonts/cm/cmr12.pfb><C:/Users/patry/AppData/Local/Programs/M
iKTeX 2.9/fonts/type1/public/amsfonts/cm/cmr17.pfb><C:/Users/patry/AppData/Loca
l/Programs/MiKTeX 2.9/fonts/type1/public/amsfonts/cm/cmr6.pfb><C:/Users/patry/A
ppData/Local/Programs/MiKTeX 2.9/fonts/type1/public/amsfonts/cm/cmr8.pfb><C:/Us
ers/patry/AppData/Local/Programs/MiKTeX 2.9/fonts/type1/public/amsfonts/cm/cmsy
10.pfb><C:/Users/patry/AppData/Local/Programs/MiKTeX 2.9/fonts/type1/public/ams
fonts/cm/cmtt10.pfb><C:/Users/patry/AppData/Local/Programs/MiKTeX 2.9/fonts/typ
e1/public/amsfonts/cm/cmtt12.pfb>
Output written on Raport.pdf (10 pages, 501084 bytes).
PDF statistics:
 430 PDF objects out of 1000 (max. 8388607)
 226 named destinations out of 1000 (max. 500000)
 161 words of extra memory for PDF output out of 10000 (max. 10000000)

